<?xml version="1.0" encoding="UTF-8"?>
<testsuite xmlns:xsi="http://www.w3.org/2001/XMLSchema-instance" xsi:noNamespaceSchemaLocation="https://maven.apache.org/surefire/maven-surefire-plugin/xsd/surefire-test-report-3.0.xsd" version="3.0" name="com.airline.BookingSystemTest" time="0.197" tests="1" errors="0" skipped="0" failures="0">
  <properties>
[...]
</properties>
  <testcase name="com.airline.BookingSystemTest.testAddPassenger()" classname="com.airline.BookingSystemTest" time="0.197">
    <system-out><![CDATA[Test passed
]]></system-out>
  </testcase>
</testsuite>